Arguments: 
  C:\Program Files\nodejs\node.exe C:\Program Files (x86)\Yarn\bin\yarn.js add @type/yup

PATH: 
  C:\Users\Administrador.SRV01\Downloads\cmder\bin;C:\Users\Administrador.SRV01\Downloads\cmder\vendor\bin;C:\Users\Administrador.SRV01\Downloads\cmder\vendor\conemu-maximus5\ConEmu\Scripts;C:\Users\Administrador.SRV01\Downloads\cmder\vendor\conemu-maximus5;C:\Users\Administrador.SRV01\Downloads\cmder\vendor\conemu-maximus5\ConEmu;C:\Python27\;C:\Python27\Scripts;C:\Program Files (x86)\Common Files\Intel\Shared Libraries\redist\intel64\compiler;C:\WINDOWS\system32;C:\WINDOWS;C:\WINDOWS\System32\Wbem;C:\WINDOWS\System32\WindowsPowerShell\v1.0\;C:\WINDOWS\System32\OpenSSH\;C:\Program Files (x86)\NVIDIA Corporation\PhysX\Common;C:\ProgramData\chocolatey\bin;C:\Program Files\nodejs\;C:\WINDOWS\system32;C:\WINDOWS;C:\WINDOWS\System32\Wbem;C:\WINDOWS\System32\WindowsPowerShell\v1.0\;C:\WINDOWS\System32\OpenSSH\;C:\Program Files (x86)\Yarn\bin\;C:\Program Files\NVIDIA Corporation\NVIDIA NvDLISR;C:\Program Files\dotnet\;C:\Program Files\Git\cmd;C:\Program Files\Java\jdk1.8.0_211\bin;%ANDROID_HOME%\platform-tools;%ANDROID_HOME%\tools;%ANDROID_HOME%\emulator;%ANDROID_HOME%\tools\bin;C:\Program Files\Docker\Docker\resources\bin;C:\ProgramData\DockerDesktop\version-bin;C:\Users\Administrador.SRV01\AppData\Local\Microsoft\WindowsApps;C:\Users\Administrador.SRV01\AppData\Local\Programs\Microsoft VS Code\bin;C:\Users\Administrador.SRV01\AppData\Roaming\npm;C:\Users\Administrador.SRV01\AppData\Local\Yarn\bin;C:\Program Files\JetBrains\PyCharm Community Edition 2019.2.3\bin;C:\Program Files\Git\mingw64\bin;C:\Program Files\Git\usr\bin;C:\Users\Administrador.SRV01\Downloads\cmder;C:\Users\Administrador.SRV01\Downloads\cmder\vendor\git-for-windows\cmd;C:\Users\Administrador.SRV01\Downloads\cmder\vendor\git-for-windows\mingw64\bin;C:\Users\Administrador.SRV01\Downloads\cmder\vendor\git-for-windows\usr\bin

Yarn version: 
  1.19.0

Node version: 
  12.9.0

Platform: 
  win32 x64

Trace: 
  Error: https://registry.yarnpkg.com/@type%2fyup: Not found
      at Request.params.callback [as _callback] (C:\Program Files (x86)\Yarn\lib\cli.js:66027:18)
      at Request.self.callback (C:\Program Files (x86)\Yarn\lib\cli.js:140539:22)
      at Request.emit (events.js:209:13)
      at Request.<anonymous> (C:\Program Files (x86)\Yarn\lib\cli.js:141511:10)
      at Request.emit (events.js:209:13)
      at IncomingMessage.<anonymous> (C:\Program Files (x86)\Yarn\lib\cli.js:141433:12)
      at Object.onceWrapper (events.js:297:20)
      at IncomingMessage.emit (events.js:214:15)
      at endReadableNT (_stream_readable.js:1178:12)
      at processTicksAndRejections (internal/process/task_queues.js:77:11)

npm manifest: 
  {
    "dependencies": {
      "react-day-picker": "^7.4.8"
    }
  }

yarn manifest: 
  No manifest

Lockfile: 
  # THIS IS AN AUTOGENERATED FILE. DO NOT EDIT THIS FILE DIRECTLY.
  # yarn lockfile v1
  
  
  "js-tokens@^3.0.0 || ^4.0.0":
    version "4.0.0"
    resolved "https://registry.yarnpkg.com/js-tokens/-/js-tokens-4.0.0.tgz#19203fb59991df98e3a287050d4647cdeaf32499"
    integrity sha512-RdJUflcE3cUzKiMqQgsCu06FPu9UdIJO0beYbPhHN4k6apgJtifcoCtT9bcxOpYBtpD2kCM6Sbzg4CausW/PKQ==
  
  loose-envify@^1.4.0:
    version "1.4.0"
    resolved "https://registry.yarnpkg.com/loose-envify/-/loose-envify-1.4.0.tgz#71ee51fa7be4caec1a63839f7e682d8132d30caf"
    integrity sha512-lyuxPGr/Wfhrlem2CL/UcnUc1zcqKAImBDzukY7Y5F/yQiNdko6+fRLevlw1HgMySw7f611UIY408EtxRSoK3Q==
    dependencies:
      js-tokens "^3.0.0 || ^4.0.0"
  
  object-assign@^4.1.1:
    version "4.1.1"
    resolved "https://registry.yarnpkg.com/object-assign/-/object-assign-4.1.1.tgz#2109adc7965887cfc05cbbd442cac8bfbb360863"
    integrity sha1-IQmtx5ZYh8/AXLvUQsrIv7s2CGM=
  
  prop-types@^15.6.2:
    version "15.7.2"
    resolved "https://registry.yarnpkg.com/prop-types/-/prop-types-15.7.2.tgz#52c41e75b8c87e72b9d9360e0206b99dcbffa6c5"
    integrity sha512-8QQikdH7//R2vurIJSutZ1smHYTcLpRWEOlHnzcWHmBYrOGUysKwSsrC89BCiFj3CbrfJ/nXFdJepOVrY1GCHQ==
    dependencies:
      loose-envify "^1.4.0"
      object-assign "^4.1.1"
      react-is "^16.8.1"
  
  react-day-picker@^7.4.8:
    version "7.4.8"
    resolved "https://registry.yarnpkg.com/react-day-picker/-/react-day-picker-7.4.8.tgz#675625240d3fae1b41c0a9d5177c968c8517c1d4"
    integrity sha512-pp0hnxFVoRuBQcRdR1Hofw4CQtOCGVmzCNrscyvS0Q8NEc+UiYLEDqE5dk37bf0leSnBW4lheIt0CKKhuKzDVw==
    dependencies:
      prop-types "^15.6.2"
  
  react-is@^16.8.1:
    version "16.13.1"
    resolved "https://registry.yarnpkg.com/react-is/-/react-is-16.13.1.tgz#789729a4dc36de2999dc156dd6c1d9c18cea56a4"
    integrity sha512-24e6ynE2H+OKt4kqsOvNd8kBpV65zoxbA4BVsEOB3ARVWQki/DHzaUoC5KuON/BiccDaCCTZBuOcfZs70kR8bQ==
